#
# There is insufficient memory for the Java Runtime Environment to continue.
# Native memory allocation (mmap) failed to map 98566144 bytes. Error detail: G1 virtual space
# Possible reasons:
#   The system is out of physical RAM or swap space
#   This process is running with CompressedOops enabled, and the Java Heap may be blocking the growth of the native heap
# Possible solutions:
#   Reduce memory load on the system
#   Increase physical memory or swap space
#   Check if swap backing store is full
#   Decrease Java heap size (-Xmx/-Xms)
#   Decrease number of Java threads
#   Decrease Java thread stack sizes (-Xss)
#   Set larger code cache with -XX:ReservedCodeCacheSize=
#   JVM is running with Unscaled Compressed Oops mode in which the Java heap is
#     placed in the first 4GB address space. The Java Heap base address is the
#     maximum limit for the native heap growth. Please use -XX:HeapBaseMinAddress
#     to set the Java Heap base and to place the Java Heap above 4GB virtual address.
# This output file may be truncated or incomplete.
#
#  Out of Memory Error (os_windows.cpp:3631), pid=28776, tid=33960
#
# JRE version:  (22.0.2+9) (build )
# Java VM: Java HotSpot(TM) 64-Bit Server VM (22.0.2+9-70, mixed mode, sharing, tiered, compressed oops, compressed class ptrs, g1 gc, windows-amd64)
# No core dump will be written. Minidumps are not enabled by default on client versions of Windows
#

---------------  S U M M A R Y ------------

Command Line: -XX:+ShowCodeDetailsInExceptionMessages tugas2

Host: AMD Ryzen 7 5700U with Radeon Graphics         , 16 cores, 5G,  Windows 10 , 64 bit Build 19041 (10.0.19041.4957)
Time: Thu Oct 24 02:38:23 2024 SE Asia Standard Time elapsed time: 0.038219 seconds (0d 0h 0m 0s)

---------------  T H R E A D  ---------------

Current thread (0x000001611b531630):  JavaThread "Unknown thread" [_thread_in_vm, id=33960, stack(0x0000000a30400000,0x0000000a30500000) (1024K)]

Stack: [0x0000000a30400000,0x0000000a30500000]
Native frames: (J=compiled Java code, j=interpreted, Vv=VM code, C=native code)
V  [jvm.dll+0x6e26e9]  (no source info available)
V  [jvm.dll+0x875753]  (no source info available)
V  [jvm.dll+0x877b7e]  (no source info available)
V  [jvm.dll+0x878253]  (no source info available)
V  [jvm.dll+0x27fc86]  (no source info available)
V  [jvm.dll+0x6ded85]  (no source info available)
V  [jvm.dll+0x6d388a]  (no source info available)
V  [jvm.dll+0x358b8a]  (no source info available)
V  [jvm.dll+0x3610b6]  (no source info available)
V  [jvm.dll+0x3b419e]  (no source info available)
V  [jvm.dll+0x3b4448]  (no source info available)
V  [jvm.dll+0x32c5ec]  (no source info available)
V  [jvm.dll+0x32d258]  (no source info available)
V  [jvm.dll+0x83d5ac]  (no source info available)
V  [jvm.dll+0x3c10d1]  (no source info available)
V  [jvm.dll+0x8264cc]  (no source info available)
V  [jvm.dll+0x45bd5e]  (no source info available)
V  [jvm.dll+0x45dbe1]  (no source info available)
C  [jli.dll+0x52a3]  (no source info available)
C  [ucrtbase.dll+0x21bb2]  (no source info available)
C  [KERNEL32.DLL+0x17374]  (no source info available)
C  [ntdll.dll+0x4cc91]  (no source info available)


---------------  P R O C E S S  ---------------

Threads class SMR info:
_java_thread_list=0x00007ffaba82c1c8, length=0, elements={
}

Java Threads: ( => current thread )
Total: 0

Other Threads:
  0x000001611b6e8090 WorkerThread "GC Thread#0"                     [id=27656, stack(0x0000000a30500000,0x0000000a30600000) (1024K)]
  0x000001611b7121b0 ConcurrentGCThread "G1 Main Marker"            [id=11384, stack(0x0000000a30600000,0x0000000a30700000) (1024K)]
  0x000001611b713370 WorkerThread "G1 Conc#0"                       [id=32316, stack(0x0000000a30700000,0x0000000a30800000) (1024K)]

[error occurred during error reporting (printing all threads), id 0xc0000005, EXCEPTION_ACCESS_VIOLATION (0xc0000005) at pc=0x00007ffab9f7f517]
VM state: not at safepoint (not fully initialized)

VM Mutex/Monitor currently owned by a thread:  ([mutex/lock_event])
[0x00007ffaba8acc80] Heap_lock - owner thread: 0x000001611b531630

Heap address: 0x00000000a2600000, size: 1498 MB, Compressed Oops mode: 32-bit

CDS archive(s) mapped at: [0x0000000000000000-0x0000000000000000-0x0000000000000000), size 0, SharedBaseAddress: 0x0000000800000000, ArchiveRelocationMode: 1.
Narrow klass base: 0x0000000000000000, Narrow klass shift: 0, Narrow klass range: 0x0

GC Precious Log:
 CardTable entry size: 512
 Card Set container configuration: InlinePtr #cards 5 size 8 Array Of Cards #cards 12 size 40 Howl #buckets 4 coarsen threshold 1843 Howl Bitmap #cards 512 size 80 coarsen threshold 460 Card regions per heap region 1 cards per card region 2048

Heap:
 garbage-first heap   total reserved 1533952K, committed 0K, used 0K [0x00000000a2600000, 0x0000000100000000)
  region size 1024K, 0 young (0K), 0 survivors (0K)

[error occurred during error reporting (printing heap information), id 0xc0000005, EXCEPTION_ACCESS_VIOLATION (0xc0000005) at pc=0x00007ffaba37e869]
GC Heap History (0 events):
No events

Dll operation events (1 events):
Event: 0.022 Loaded shared library C:\Program Files\Java\jdk-22\bin\java.dll

Deoptimization events (0 events):
No events

Classes loaded (0 events):
No events

Classes unloaded (0 events):
No events

Classes redefined (0 events):
No events

Internal exceptions (0 events):
No events

ZGC Phase Switch (0 events):
No events

VM Operations (0 events):
No events

Memory protections (0 events):
No events

Nmethod flushes (0 events):
No events

Events (0 events):
No events


Dynamic libraries:
0x00007ff608d30000 - 0x00007ff608d40000 	C:\Program Files\Java\jdk-22\bin\java.exe
0x00007ffb7e890000 - 0x00007ffb7ea88000 	C:\Windows\SYSTEM32\ntdll.dll
0x00007ffb7e5e0000 - 0x00007ffb7e6a2000 	C:\Windows\System32\KERNEL32.DLL
0x00007ffb7c5b0000 - 0x00007ffb7c8ae000 	C:\Windows\System32\KERNELBASE.dll
0x00007ffb7bf30000 - 0x00007ffb7c030000 	C:\Windows\System32\ucrtbase.dll
0x00007ffb6c5d0000 - 0x00007ffb6c5e7000 	C:\Program Files\Java\jdk-22\bin\jli.dll
0x00007ffb54380000 - 0x00007ffb5439b000 	C:\Program Files\Java\jdk-22\bin\VCRUNTIME140.dll
0x00007ffb7e6b0000 - 0x00007ffb7e84d000 	C:\Windows\System32\USER32.dll
0x00007ffb7c550000 - 0x00007ffb7c572000 	C:\Windows\System32\win32u.dll
0x00007ffb68ab0000 - 0x00007ffb68d4a000 	C:\Windows\WinSxS\amd64_microsoft.windows.common-controls_6595b64144ccf1df_6.0.19041.4355_none_60b8b9eb71f62e16\COMCTL32.dll
0x00007ffb7d0b0000 - 0x00007ffb7d0db000 	C:\Windows\System32\GDI32.dll
0x00007ffb7dfd0000 - 0x00007ffb7e06e000 	C:\Windows\System32\msvcrt.dll
0x00007ffb7c220000 - 0x00007ffb7c337000 	C:\Windows\System32\gdi32full.dll
0x00007ffb7c080000 - 0x00007ffb7c11d000 	C:\Windows\System32\msvcp_win.dll
0x00007ffb7d520000 - 0x00007ffb7d54f000 	C:\Windows\System32\IMM32.DLL
0x00007ffb6d4e0000 - 0x00007ffb6d4ec000 	C:\Program Files\Java\jdk-22\bin\vcruntime140_1.dll
0x00007ffb115f0000 - 0x00007ffb1167e000 	C:\Program Files\Java\jdk-22\bin\msvcp140.dll
0x00007ffab9c40000 - 0x00007ffaba989000 	C:\Program Files\Java\jdk-22\bin\server\jvm.dll
0x00007ffb7cd80000 - 0x00007ffb7ce32000 	C:\Windows\System32\ADVAPI32.dll
0x00007ffb7d600000 - 0x00007ffb7d6a0000 	C:\Windows\System32\sechost.dll
0x00007ffb7d2b0000 - 0x00007ffb7d3d3000 	C:\Windows\System32\RPCRT4.dll
0x00007ffb7c580000 - 0x00007ffb7c5a7000 	C:\Windows\System32\bcrypt.dll
0x00007ffb7e4e0000 - 0x00007ffb7e54b000 	C:\Windows\System32\WS2_32.dll
0x00007ffb71240000 - 0x00007ffb71267000 	C:\Windows\SYSTEM32\WINMM.dll
0x00007ffb7bd90000 - 0x00007ffb7bddb000 	C:\Windows\SYSTEM32\POWRPROF.dll
0x00007ffb71230000 - 0x00007ffb7123a000 	C:\Windows\SYSTEM32\VERSION.dll
0x00007ffb7bd70000 - 0x00007ffb7bd82000 	C:\Windows\SYSTEM32\UMPDC.dll
0x00007ffb7a750000 - 0x00007ffb7a762000 	C:\Windows\SYSTEM32\kernel.appcore.dll
0x00007ffb5a280000 - 0x00007ffb5a28a000 	C:\Program Files\Java\jdk-22\bin\jimage.dll
0x00007ffb79d60000 - 0x00007ffb79f44000 	C:\Windows\SYSTEM32\DBGHELP.DLL
0x00007ffb657c0000 - 0x00007ffb657f4000 	C:\Windows\SYSTEM32\dbgcore.DLL
0x00007ffb7c190000 - 0x00007ffb7c212000 	C:\Windows\System32\bcryptPrimitives.dll
0x00007ffb54360000 - 0x00007ffb5437e000 	C:\Program Files\Java\jdk-22\bin\java.dll
0x00007ffb7d7e0000 - 0x00007ffb7df4f000 	C:\Windows\System32\SHELL32.dll
0x00007ffb7d3e0000 - 0x00007ffb7d50b000 	C:\Windows\System32\ole32.dll
0x00007ffb7c930000 - 0x00007ffb7cc83000 	C:\Windows\System32\combase.dll

dbghelp: loaded successfully - version: 4.0.5 - missing functions: none
symbol engine: initialized successfully - sym options: 0x614 - pdb path: .;C:\Program Files\Java\jdk-22\bin;C:\Windows\SYSTEM32;C:\Windows\WinSxS\amd64_microsoft.windows.common-controls_6595b64144ccf1df_6.0.19041.4355_none_60b8b9eb71f62e16;C:\Program Files\Java\jdk-22\bin\server

VM Arguments:
jvm_args: -XX:+ShowCodeDetailsInExceptionMessages 
java_command: tugas2
java_class_path (initial): C:\Users\USER\AppData\Roaming\Code\User\workspaceStorage\0c39b2cd58a20a0f9625bbc650341ee9\redhat.java\jdt_ws\daspro-jobsheet8_df6564e5\bin
Launcher Type: SUN_STANDARD

[Global flags]
     intx CICompilerCount                          = 12                                        {product} {ergonomic}
     uint ConcGCThreads                            = 3                                         {product} {ergonomic}
     uint G1ConcRefinementThreads                  = 13                                        {product} {ergonomic}
   size_t G1HeapRegionSize                         = 1048576                                   {product} {ergonomic}
   size_t InitialHeapSize                          = 98566144                                  {product} {ergonomic}
   size_t MarkStackSize                            = 4194304                                   {product} {ergonomic}
   size_t MaxHeapSize                              = 1570766848                                {product} {ergonomic}
   size_t MinHeapDeltaBytes                        = 1048576                                   {product} {ergonomic}
   size_t MinHeapSize                              = 8388608                                   {product} {ergonomic}
    uintx NonNMethodCodeHeapSize                   = 7602480                                {pd product} {ergonomic}
    uintx NonProfiledCodeHeapSize                  = 122027880                              {pd product} {ergonomic}
    uintx ProfiledCodeHeapSize                     = 122027880                              {pd product} {ergonomic}
    uintx ReservedCodeCacheSize                    = 251658240                              {pd product} {ergonomic}
     bool SegmentedCodeCache                       = true                                      {product} {ergonomic}
     bool ShowCodeDetailsInExceptionMessages       = true                                   {manageable} {command line}
   size_t SoftMaxHeapSize                          = 1570766848                             {manageable} {ergonomic}
     bool UseCompressedOops                        = true                           {product lp64_product} {ergonomic}
     bool UseG1GC                                  = true                                      {product} {ergonomic}
     bool UseLargePagesIndividualAllocation        = false                                  {pd product} {ergonomic}

Logging:
Log output configuration:
 #0: stdout all=warning uptime,level,tags foldmultilines=false
 #1: stderr all=off uptime,level,tags foldmultilines=false

Environment Variables:
PATH=C:\Program Files\Common Files\Oracle\Java\javapath;C:\Program Files (x86)\VMware\VMware Workstation\bin\;C:\Program Files (x86)\Common Files\Intel\Shared Libraries\redist\intel64\compiler;C:\Windows\system32;C:\Windows;C:\Windows\System32\Wbem;C:\Windows\System32\WindowsPowerShell\v1.0\;C:\Windows\System32\OpenSSH\;C:\Program Files\dotnet\;C:\Program Files\PuTTY\;D:\APLIKASI\;?C:\Users\USER\Downloads\jdk-22_windows-x64_bin.exe;C:\Program Files\Microsoft VS Code\bin;C:\Program Files\Git\cmd;C:\Users\USER\AppData\Local\Programs\Python\Launcher\;C:\Users\USER\AppData\Local\Microsoft\WindowsApps;C:\Users\USER\.dotnet\tools;C:\Users\USER\Downloads\Java\jdk\bin
USERNAME=USER
LANG=en_US.UTF-8
OS=Windows_NT
PROCESSOR_IDENTIFIER=AMD64 Family 23 Model 104 Stepping 1, AuthenticAMD
TMP=C:\Users\USER\AppData\Local\Temp
TEMP=C:\Users\USER\AppData\Local\Temp




Periodic native trim disabled

---------------  S Y S T E M  ---------------

OS:
 Windows 10 , 64 bit Build 19041 (10.0.19041.4957)
OS uptime: 8 days 18:33 hours

CPU: total 16 (initial active 16) (16 cores per cpu, 2 threads per core) family 23 model 104 stepping 1 microcode 0x0, cx8, cmov, fxsr, ht, mmx, 3dnowpref, sse, sse2, sse3, ssse3, sse4a, sse4.1, sse4.2, popcnt, lzcnt, tsc, tscinvbit, avx, avx2, aes, clmul, bmi1, bmi2, adx, sha, fma, vzeroupper, clflush, clflushopt, rdtscp, rdpid, f16c
Processor Information for all 16 processors :
  Max Mhz: 1801, Current Mhz: 1114, Mhz Limit: 1801

Memory: 4k page, system-wide physical 5989M (487M free)
TotalPageFile size 24421M (AvailPageFile size 23M)
current process WorkingSet (physical memory assigned to process): 11M, peak: 11M
current process commit charge ("private bytes"): 70M, peak: 164M

vm_info: Java HotSpot(TM) 64-Bit Server VM (22.0.2+9-70) for windows-amd64 JRE (22.0.2+9-70), built on 2024-06-04T16:52:23Z by "mach5one" with MS VC++ 17.6 (VS2022)

END.
